[DEBUG] [2026-01-16 08:32:12] Start log...
[INFO] [2026-01-16 08:32:12] 音乐播放器初始化成功
[DEBUG] [2026-01-16 08:34:11] Start log...
[INFO] [2026-01-16 08:34:11] 音乐播放器初始化成功
[DEBUG] [2026-01-16 08:36:19] Start log...
[INFO] [2026-01-16 08:36:19] 音乐播放器初始化成功
[DEBUG] [2026-01-16 08:40:41] Start log...
[INFO] [2026-01-16 08:40:41] 音乐播放器初始化成功
[INFO] [2026-01-16 08:40:41] 加载了 4 首音乐
[INFO] [2026-01-16 08:40:41] 加载之前打开的项目成功...
[INFO] [2026-01-16 08:40:43] 音乐开始播放
[INFO] [2026-01-16 08:40:44] 切换到第 2 首音乐
[INFO] [2026-01-16 08:40:46] 音乐开始播放
[INFO] [2026-01-16 08:40:57] 切换到第 3 首音乐
[INFO] [2026-01-16 08:40:58] 切换到第 4 首音乐
[INFO] [2026-01-16 08:40:59] 切换到第 1 首音乐
[INFO] [2026-01-16 08:41:00] 音乐开始播放
[DEBUG] [2026-01-16 08:43:16] Start log...
[INFO] [2026-01-16 08:43:16] 音乐播放器初始化成功
[INFO] [2026-01-16 08:43:16] 加载了 4 首音乐
[INFO] [2026-01-16 08:43:16] 加载之前打开的项目成功...
[INFO] [2026-01-16 08:43:24] 切换到第 4 首音乐
[DEBUG] [2026-01-16 08:47:34] Start log...
[INFO] [2026-01-16 08:47:34] 音乐播放器初始化成功
[INFO] [2026-01-16 08:47:34] 加载了 4 首音乐
[INFO] [2026-01-16 08:47:34] 加载之前打开的项目成功...
[INFO] [2026-01-16 08:47:40] 切换到第 2 首音乐
[INFO] [2026-01-16 08:47:43] 切换到上一首 (第 1 首)
[INFO] [2026-01-16 08:47:43] 切换到上一首 (第 4 首)
[INFO] [2026-01-16 08:47:45] 音乐开始播放
[DEBUG] [2026-01-16 08:48:39] Start log...
[INFO] [2026-01-16 08:48:39] 音乐播放器初始化成功
[INFO] [2026-01-16 08:48:39] 加载了 4 首音乐
[INFO] [2026-01-16 08:48:39] 加载之前打开的项目成功...
[DEBUG] [2026-01-16 08:49:45] Start log...
[INFO] [2026-01-16 08:49:45] 音乐播放器初始化成功
[INFO] [2026-01-16 08:49:45] 加载了 4 首音乐
[INFO] [2026-01-16 08:49:45] 加载之前打开的项目成功...
[INFO] [2026-01-16 08:49:47] 切换到第 2 首音乐
[INFO] [2026-01-16 08:49:48] 切换到上一首 (第 1 首)
[INFO] [2026-01-16 08:49:50] 音乐开始播放
[INFO] [2026-01-16 08:49:51] 切换到上一首 (第 4 首)
[INFO] [2026-01-16 08:49:53] 音乐开始播放
[DEBUG] [2026-01-16 08:50:04] Start log...
[INFO] [2026-01-16 08:50:04] 音乐播放器初始化成功
[INFO] [2026-01-16 08:50:04] 加载了 4 首音乐
[INFO] [2026-01-16 08:50:04] 加载之前打开的项目成功...
[INFO] [2026-01-16 08:50:06] 音乐开始播放
[INFO] [2026-01-16 08:50:06] 切换到第 2 首音乐
[INFO] [2026-01-16 08:50:07] 音乐开始播放
[INFO] [2026-01-16 08:50:11] 切换到第 3 首音乐
[INFO] [2026-01-16 08:50:12] 音乐开始播放
[DEBUG] [2026-01-16 08:51:12] Start log...
[INFO] [2026-01-16 08:51:12] 音乐播放器初始化成功
[INFO] [2026-01-16 08:51:12] 加载了 4 首音乐
[INFO] [2026-01-16 08:51:12] 加载之前打开的项目成功...
[INFO] [2026-01-16 08:51:15] 切换到第 2 首音乐
[INFO] [2026-01-16 08:51:17] 切换到第 3 首音乐
[INFO] [2026-01-16 08:51:17] 切换到第 4 首音乐
[DEBUG] [2026-01-16 08:51:32] Start log...
[INFO] [2026-01-16 08:51:32] 音乐播放器初始化成功
[INFO] [2026-01-16 08:51:32] 加载了 4 首音乐
[INFO] [2026-01-16 08:51:32] 加载之前打开的项目成功...
[DEBUG] [2026-01-16 08:52:46] Start log...
[INFO] [2026-01-16 08:52:46] 音乐播放器初始化成功
[INFO] [2026-01-16 08:52:46] 加载了 4 首音乐
[INFO] [2026-01-16 08:52:46] 加载之前打开的项目成功...
[DEBUG] [2026-01-16 08:52:54] Start log...
[INFO] [2026-01-16 08:52:54] 音乐播放器初始化成功
[INFO] [2026-01-16 08:52:54] 加载了 4 首音乐
[INFO] [2026-01-16 08:52:54] 加载之前打开的项目成功...
[DEBUG] [2026-01-16 08:53:07] Start log...
[INFO] [2026-01-16 08:53:07] 音乐播放器初始化成功
[INFO] [2026-01-16 08:53:07] 加载了 4 首音乐
[INFO] [2026-01-16 08:53:07] 加载之前打开的项目成功...
[DEBUG] [2026-01-16 08:53:40] Start log...
[INFO] [2026-01-16 08:53:40] 音乐播放器初始化成功
[INFO] [2026-01-16 08:53:40] 加载了 4 首音乐
[INFO] [2026-01-16 08:53:40] 加载之前打开的项目成功...
[DEBUG] [2026-01-16 08:55:18] Start log...
[INFO] [2026-01-16 08:55:19] 音乐播放器初始化成功
[INFO] [2026-01-16 08:55:19] 加载了 4 首音乐
[INFO] [2026-01-16 08:55:19] 加载之前打开的项目成功...
[DEBUG] [2026-01-16 08:55:35] Start log...
[INFO] [2026-01-16 08:55:35] 音乐播放器初始化成功
[INFO] [2026-01-16 08:55:35] 加载了 4 首音乐
[INFO] [2026-01-16 08:55:35] 加载之前打开的项目成功...
[DEBUG] [2026-01-16 08:56:03] Start log...
[INFO] [2026-01-16 08:56:03] 音乐播放器初始化成功
[INFO] [2026-01-16 08:56:03] 加载了 4 首音乐
[INFO] [2026-01-16 08:56:03] 加载之前打开的项目成功...
[INFO] [2026-01-16 08:56:08] 音乐开始播放
[INFO] [2026-01-16 08:56:09] 音乐暂停
[INFO] [2026-01-16 08:56:10] 切换到第 2 首音乐
[INFO] [2026-01-16 08:56:11] 音乐开始播放
[DEBUG] [2026-01-16 08:57:59] Start log...
[INFO] [2026-01-16 08:58:00] 音乐播放器初始化成功
[INFO] [2026-01-16 08:58:00] 加载了 4 首音乐
[INFO] [2026-01-16 08:58:00] 加载之前打开的项目成功...
[INFO] [2026-01-16 08:58:03] 切换到第 2 首音乐
[INFO] [2026-01-16 08:58:07] 切换到第 4 首音乐
[INFO] [2026-01-16 08:58:07] 切换到第 4 首音乐
[INFO] [2026-01-16 08:58:08] 切换到第 2 首音乐
[INFO] [2026-01-16 08:58:08] 切换到第 2 首音乐
[INFO] [2026-01-16 08:58:09] 切换到第 4 首音乐
[INFO] [2026-01-16 08:58:09] 切换到第 4 首音乐
[INFO] [2026-01-16 08:58:10] 切换到第 2 首音乐
[INFO] [2026-01-16 08:58:10] 切换到第 2 首音乐
[INFO] [2026-01-16 08:58:10] 切换到第 4 首音乐
[INFO] [2026-01-16 08:58:10] 切换到第 4 首音乐
[INFO] [2026-01-16 08:58:11] 切换到第 4 首音乐
[INFO] [2026-01-16 08:58:11] 切换到上一首 (第 4 首)
[INFO] [2026-01-16 08:58:12] 切换到第 4 首音乐
[INFO] [2026-01-16 08:58:12] 切换到上一首 (第 4 首)
[INFO] [2026-01-16 08:58:12] 切换到第 4 首音乐
[INFO] [2026-01-16 08:58:12] 切换到上一首 (第 4 首)
[INFO] [2026-01-16 08:58:12] 切换到第 4 首音乐
[INFO] [2026-01-16 08:58:12] 切换到上一首 (第 4 首)
[INFO] [2026-01-16 08:58:13] 切换到第 1 首音乐
[DEBUG] [2026-01-16 08:59:28] Start log...
[INFO] [2026-01-16 08:59:28] 音乐播放器初始化成功
[INFO] [2026-01-16 08:59:28] 加载了 4 首音乐
[INFO] [2026-01-16 08:59:28] 加载之前打开的项目成功...
[INFO] [2026-01-16 08:59:30] 切换到上一首 (第 1 首)
[INFO] [2026-01-16 08:59:31] 切换到第 2 首音乐
[INFO] [2026-01-16 08:59:31] 切换到上一首 (第 2 首)
[INFO] [2026-01-16 08:59:31] 切换到第 2 首音乐
[INFO] [2026-01-16 08:59:31] 切换到上一首 (第 2 首)
[INFO] [2026-01-16 08:59:32] 切换到第 2 首音乐
[INFO] [2026-01-16 08:59:32] 切换到上一首 (第 2 首)
[INFO] [2026-01-16 08:59:33] 切换到第 2 首音乐
[INFO] [2026-01-16 08:59:33] 切换到上一首 (第 2 首)
[INFO] [2026-01-16 08:59:33] 切换到第 2 首音乐
[INFO] [2026-01-16 08:59:33] 切换到上一首 (第 2 首)
[INFO] [2026-01-16 08:59:33] 切换到第 2 首音乐
[INFO] [2026-01-16 08:59:33] 切换到上一首 (第 2 首)
[INFO] [2026-01-16 08:59:33] 切换到第 2 首音乐
[INFO] [2026-01-16 08:59:33] 切换到上一首 (第 2 首)
[INFO] [2026-01-16 08:59:33] 切换到第 2 首音乐
[INFO] [2026-01-16 08:59:33] 切换到上一首 (第 2 首)
[INFO] [2026-01-16 08:59:34] 切换到第 4 首音乐
[INFO] [2026-01-16 08:59:34] 切换到第 4 首音乐
[INFO] [2026-01-16 08:59:35] 切换到第 2 首音乐
[INFO] [2026-01-16 08:59:35] 切换到第 2 首音乐
[INFO] [2026-01-16 08:59:35] 切换到第 4 首音乐
[INFO] [2026-01-16 08:59:35] 切换到第 4 首音乐
[INFO] [2026-01-16 08:59:35] 切换到第 2 首音乐
[INFO] [2026-01-16 08:59:35] 切换到第 2 首音乐
[INFO] [2026-01-16 08:59:36] 切换到第 4 首音乐
[INFO] [2026-01-16 08:59:36] 切换到第 4 首音乐
[INFO] [2026-01-16 08:59:36] 切换到第 2 首音乐
[INFO] [2026-01-16 08:59:36] 切换到第 2 首音乐
[INFO] [2026-01-16 08:59:36] 切换到第 4 首音乐
[INFO] [2026-01-16 08:59:36] 切换到第 4 首音乐
[INFO] [2026-01-16 08:59:37] 切换到第 1 首音乐
[DEBUG] [2026-01-16 09:01:52] Start log...
[INFO] [2026-01-16 09:01:52] 音乐播放器初始化成功
[INFO] [2026-01-16 09:01:52] 加载了 4 首音乐
[INFO] [2026-01-16 09:01:52] 加载之前打开的项目成功...
[INFO] [2026-01-16 09:01:56] 切换到上一首 (第 4 首)
[INFO] [2026-01-16 09:01:56] 切换到上一首 (第 3 首)
[INFO] [2026-01-16 09:01:57] 切换到上一首 (第 2 首)
[INFO] [2026-01-16 09:01:58] 切换到上一首 (第 1 首)
[INFO] [2026-01-16 09:01:59] 切换到上一首 (第 4 首)
[INFO] [2026-01-16 09:01:59] 切换到上一首 (第 3 首)
[INFO] [2026-01-16 09:02:00] 切换到上一首 (第 2 首)
[INFO] [2026-01-16 09:02:00] 切换到上一首 (第 1 首)
[INFO] [2026-01-16 09:02:00] 切换到上一首 (第 4 首)
[INFO] [2026-01-16 09:02:01] 切换到上一首 (第 3 首)
[INFO] [2026-01-16 09:02:01] 切换到上一首 (第 2 首)
[INFO] [2026-01-16 09:02:01] 切换到上一首 (第 1 首)
[INFO] [2026-01-16 09:02:02] 切换到上一首 (第 4 首)
[INFO] [2026-01-16 09:02:02] 切换到上一首 (第 3 首)
[INFO] [2026-01-16 09:02:03] 切换到第 4 首音乐
[INFO] [2026-01-16 09:02:04] 音乐暂停
[INFO] [2026-01-16 09:02:05] 音乐开始播放
[INFO] [2026-01-16 09:02:06] 切换到第 1 首音乐
[INFO] [2026-01-16 09:02:06] 切换到第 2 首音乐
[INFO] [2026-01-16 09:02:07] 切换到第 3 首音乐
[INFO] [2026-01-16 09:02:07] 切换到第 4 首音乐
[INFO] [2026-01-16 09:02:07] 切换到第 1 首音乐
[INFO] [2026-01-16 09:02:07] 切换到第 2 首音乐
[INFO] [2026-01-16 09:02:08] 切换到第 3 首音乐
[INFO] [2026-01-16 09:02:08] 切换到第 4 首音乐
[INFO] [2026-01-16 09:02:08] 切换到第 1 首音乐
[INFO] [2026-01-16 09:02:08] 切换到第 2 首音乐
[INFO] [2026-01-16 09:02:09] 切换到第 3 首音乐
[INFO] [2026-01-16 09:02:09] 切换到第 4 首音乐
[INFO] [2026-01-16 09:02:09] 切换到第 1 首音乐
[INFO] [2026-01-16 09:02:09] 切换到第 2 首音乐
[INFO] [2026-01-16 09:02:11] 切换到第 3 首音乐
[INFO] [2026-01-16 09:02:11] 切换到第 4 首音乐
[DEBUG] [2026-01-16 09:02:47] Start log...
[INFO] [2026-01-16 09:02:47] 音乐播放器初始化成功
[INFO] [2026-01-16 09:02:47] 加载了 4 首音乐
[INFO] [2026-01-16 09:02:47] 加载之前打开的项目成功...
[INFO] [2026-01-16 09:02:49] 切换到第 2 首音乐
[INFO] [2026-01-16 09:02:49] 切换到第 3 首音乐
[INFO] [2026-01-16 09:02:50] 切换到第 4 首音乐
[DEBUG] [2026-01-16 09:04:36] Start log...
[INFO] [2026-01-16 09:04:37] 音乐播放器初始化成功
[INFO] [2026-01-16 09:04:37] 加载了 4 首音乐
[INFO] [2026-01-16 09:04:37] 加载之前打开的项目成功...
[INFO] [2026-01-16 09:04:39] 切换到第 2 首音乐
[INFO] [2026-01-16 09:04:40] 切换到第 3 首音乐
[INFO] [2026-01-16 09:04:41] 切换到第 4 首音乐
[INFO] [2026-01-16 09:04:42] 切换到第 1 首音乐
[DEBUG] [2026-01-16 09:04:58] Start log...
[INFO] [2026-01-16 09:04:58] 音乐播放器初始化成功
[INFO] [2026-01-16 09:04:58] 加载了 4 首音乐
[INFO] [2026-01-16 09:04:58] 加载之前打开的项目成功...
[DEBUG] [2026-01-16 09:05:09] Start log...
[INFO] [2026-01-16 09:05:09] 音乐播放器初始化成功
[INFO] [2026-01-16 09:05:09] 加载了 4 首音乐
[INFO] [2026-01-16 09:05:09] 加载之前打开的项目成功...
[DEBUG] [2026-01-16 09:05:16] Start log...
[INFO] [2026-01-16 09:05:16] 音乐播放器初始化成功
[INFO] [2026-01-16 09:05:16] 加载了 4 首音乐
[INFO] [2026-01-16 09:05:16] 加载之前打开的项目成功...
[DEBUG] [2026-01-16 09:05:30] Start log...
[INFO] [2026-01-16 09:05:30] 音乐播放器初始化成功
[INFO] [2026-01-16 09:05:30] 加载了 4 首音乐
[INFO] [2026-01-16 09:05:30] 加载之前打开的项目成功...
[DEBUG] [2026-01-16 09:06:14] Start log...
[INFO] [2026-01-16 09:06:14] 音乐播放器初始化成功
[INFO] [2026-01-16 09:06:14] 加载了 4 首音乐
[INFO] [2026-01-16 09:06:14] 加载之前打开的项目成功...
[INFO] [2026-01-16 09:06:22] 音乐开始播放
[INFO] [2026-01-16 09:06:25] 切换到第 2 首音乐
[INFO] [2026-01-16 09:06:37] 背景音乐已关闭
[INFO] [2026-01-16 09:06:38] 音乐开始播放
[INFO] [2026-01-16 09:06:38] 背景音乐已启用
[INFO] [2026-01-16 09:06:39] 背景音乐已关闭
[INFO] [2026-01-16 09:06:39] 音乐开始播放
[INFO] [2026-01-16 09:06:39] 背景音乐已启用
[INFO] [2026-01-16 09:06:40] 背景音乐已关闭
[INFO] [2026-01-16 09:06:40] 音乐开始播放
[INFO] [2026-01-16 09:06:40] 背景音乐已启用
[INFO] [2026-01-16 09:06:43] 切换到第 3 首音乐
[INFO] [2026-01-16 09:06:44] 切换到上一首 (第 2 首)
[INFO] [2026-01-16 09:06:46] 背景音乐已关闭
[DEBUG] [2026-01-16 09:08:12] Start log...
[INFO] [2026-01-16 09:08:12] 音乐播放器初始化成功
[INFO] [2026-01-16 09:08:13] 加载了 4 首音乐
[INFO] [2026-01-16 09:08:13] 加载之前打开的项目成功...
[INFO] [2026-01-16 09:08:18] 音乐开始播放
[INFO] [2026-01-16 09:08:18] 背景音乐已启用
[INFO] [2026-01-16 09:08:19] 切换到第 2 首音乐
[INFO] [2026-01-16 09:08:22] 正在打开项目...
[INFO] [2026-01-16 09:08:27] 文件:封面正在导入
[INFO] [2026-01-16 09:08:31] 打开文件成功！
[INFO] [2026-01-16 09:08:35] 正在打开项目...
[INFO] [2026-01-16 09:08:38] 文件:封面素材正在导入
[INFO] [2026-01-16 09:08:38] 打开文件成功！
[INFO] [2026-01-16 09:08:45] 关闭项目成功
[INFO] [2026-01-16 09:08:47] 正在打开项目...
[INFO] [2026-01-16 09:08:54] 文件:封面正在导入
[INFO] [2026-01-16 09:08:54] 打开文件成功！
[DEBUG] [2026-01-16 09:09:22] Start log...
[INFO] [2026-01-16 09:09:22] 音乐播放器初始化成功
[INFO] [2026-01-16 09:09:22] 加载了 4 首音乐
[INFO] [2026-01-16 09:09:22] 加载之前打开的项目成功...
[INFO] [2026-01-16 09:09:24] 切换到第 2 首音乐
